# Logfile created on 2014-01-24 02:42:21 -0500 by logger.rb/36483
I, [2014-01-24T02:42:21.474051 #28458]  INFO -- : 0:  rake (10.1.1) from /Users/statwonk/.rvm/gems/ruby-2.0.0-p247/specifications/rake-10.1.1.gemspec
I, [2014-01-24T02:42:21.474390 #28458]  INFO -- : 0:  i18n (0.6.9) from /Users/statwonk/.rvm/gems/ruby-2.0.0-p247@global/specifications/i18n-0.6.9.gemspec
I, [2014-01-24T02:42:21.474632 #28458]  INFO -- : 0:  minitest (4.7.5) from /Users/statwonk/.rvm/gems/ruby-2.0.0-p247/specifications/minitest-4.7.5.gemspec
I, [2014-01-24T02:42:21.474861 #28458]  INFO -- : 0:  multi_json (1.8.4) from /Users/statwonk/.rvm/gems/ruby-2.0.0-p247@global/specifications/multi_json-1.8.4.gemspec
I, [2014-01-24T02:42:21.475082 #28458]  INFO -- : 0:  atomic (1.1.14) from /Users/statwonk/.rvm/gems/ruby-2.0.0-p247@global/specifications/atomic-1.1.14.gemspec
I, [2014-01-24T02:42:21.475278 #28458]  INFO -- : 0:  thread_safe (0.1.3) from /Users/statwonk/.rvm/gems/ruby-2.0.0-p247@global/specifications/thread_safe-0.1.3.gemspec
I, [2014-01-24T02:42:21.475487 #28458]  INFO -- : 0:  tzinfo (0.3.38) from /Users/statwonk/.rvm/gems/ruby-2.0.0-p247@global/specifications/tzinfo-0.3.38.gemspec
I, [2014-01-24T02:42:21.475702 #28458]  INFO -- : 0:  activesupport (4.0.2) from /Users/statwonk/.rvm/gems/ruby-2.0.0-p247@global/specifications/activesupport-4.0.2.gemspec
I, [2014-01-24T02:42:21.475915 #28458]  INFO -- : 0:  builder (3.1.4) from /Users/statwonk/.rvm/gems/ruby-2.0.0-p247@global/specifications/builder-3.1.4.gemspec
I, [2014-01-24T02:42:21.476103 #28458]  INFO -- : 0:  erubis (2.7.0) from /Users/statwonk/.rvm/gems/ruby-2.0.0-p247@global/specifications/erubis-2.7.0.gemspec
I, [2014-01-24T02:42:21.476342 #28458]  INFO -- : 0:  rack (1.5.2) from /Users/statwonk/.rvm/gems/ruby-2.0.0-p247/specifications/rack-1.5.2.gemspec
I, [2014-01-24T02:42:21.476557 #28458]  INFO -- : 0:  rack-test (0.6.2) from /Users/statwonk/.rvm/gems/ruby-2.0.0-p247@global/specifications/rack-test-0.6.2.gemspec
I, [2014-01-24T02:42:21.476759 #28458]  INFO -- : 0:  actionpack (4.0.2) from /Users/statwonk/.rvm/gems/ruby-2.0.0-p247@global/specifications/actionpack-4.0.2.gemspec
I, [2014-01-24T02:42:21.476980 #28458]  INFO -- : 0:  mime-types (1.25.1) from /Users/statwonk/.rvm/gems/ruby-2.0.0-p247@global/specifications/mime-types-1.25.1.gemspec
I, [2014-01-24T02:42:21.477188 #28458]  INFO -- : 0:  polyglot (0.3.3) from /Users/statwonk/.rvm/gems/ruby-2.0.0-p247@global/specifications/polyglot-0.3.3.gemspec
I, [2014-01-24T02:42:21.477403 #28458]  INFO -- : 0:  treetop (1.4.15) from /Users/statwonk/.rvm/gems/ruby-2.0.0-p247@global/specifications/treetop-1.4.15.gemspec
I, [2014-01-24T02:42:21.477612 #28458]  INFO -- : 0:  mail (2.5.4) from /Users/statwonk/.rvm/gems/ruby-2.0.0-p247@global/specifications/mail-2.5.4.gemspec
I, [2014-01-24T02:42:21.477811 #28458]  INFO -- : 0:  actionmailer (4.0.2) from /Users/statwonk/.rvm/gems/ruby-2.0.0-p247@global/specifications/actionmailer-4.0.2.gemspec
I, [2014-01-24T02:42:21.478011 #28458]  INFO -- : 0:  activemodel (4.0.2) from /Users/statwonk/.rvm/gems/ruby-2.0.0-p247@global/specifications/activemodel-4.0.2.gemspec
I, [2014-01-24T02:42:21.478208 #28458]  INFO -- : 0:  activerecord-deprecated_finders (1.0.3) from /Users/statwonk/.rvm/gems/ruby-2.0.0-p247@global/specifications/activerecord-deprecated_finders-1.0.3.gemspec
I, [2014-01-24T02:42:21.478418 #28458]  INFO -- : 0:  arel (4.0.1) from /Users/statwonk/.rvm/gems/ruby-2.0.0-p247@global/specifications/arel-4.0.1.gemspec
I, [2014-01-24T02:42:21.478615 #28458]  INFO -- : 0:  activerecord (4.0.2) from /Users/statwonk/.rvm/gems/ruby-2.0.0-p247@global/specifications/activerecord-4.0.2.gemspec
I, [2014-01-24T02:42:21.478827 #28458]  INFO -- : 0:  bundler (1.5.1) from /Users/statwonk/.rvm/gems/ruby-2.0.0-p247@global/specifications/bundler-1.5.1.gemspec
I, [2014-01-24T02:42:21.479032 #28458]  INFO -- : 0:  coffee-script-source (1.6.3) from /Users/statwonk/.rvm/gems/ruby-2.0.0-p247/specifications/coffee-script-source-1.6.3.gemspec
I, [2014-01-24T02:42:21.479223 #28458]  INFO -- : 0:  execjs (2.0.2) from /Users/statwonk/.rvm/gems/ruby-2.0.0-p247/specifications/execjs-2.0.2.gemspec
I, [2014-01-24T02:42:21.479425 #28458]  INFO -- : 0:  coffee-script (2.2.0) from /Users/statwonk/.rvm/gems/ruby-2.0.0-p247/specifications/coffee-script-2.2.0.gemspec
I, [2014-01-24T02:42:21.479618 #28458]  INFO -- : 0:  thor (0.18.1) from /Users/statwonk/.rvm/gems/ruby-2.0.0-p247/specifications/thor-0.18.1.gemspec
I, [2014-01-24T02:42:21.479827 #28458]  INFO -- : 0:  railties (4.0.2) from /Users/statwonk/.rvm/gems/ruby-2.0.0-p247@global/specifications/railties-4.0.2.gemspec
I, [2014-01-24T02:42:21.480020 #28458]  INFO -- : 0:  coffee-rails (4.0.1) from /Users/statwonk/.rvm/gems/ruby-2.0.0-p247/specifications/coffee-rails-4.0.1.gemspec
I, [2014-01-24T02:42:21.480220 #28458]  INFO -- : 0:  hike (1.2.3) from /Users/statwonk/.rvm/gems/ruby-2.0.0-p247@global/specifications/hike-1.2.3.gemspec
I, [2014-01-24T02:42:21.480429 #28458]  INFO -- : 0:  jbuilder (1.5.3) from /Users/statwonk/.rvm/gems/ruby-2.0.0-p247/specifications/jbuilder-1.5.3.gemspec
I, [2014-01-24T02:42:21.480625 #28458]  INFO -- : 0:  jquery-rails (3.0.4) from /Users/statwonk/.rvm/gems/ruby-2.0.0-p247/specifications/jquery-rails-3.0.4.gemspec
I, [2014-01-24T02:42:21.480837 #28458]  INFO -- : 0:  json (1.8.1) from /Users/statwonk/.rvm/gems/ruby-2.0.0-p247/specifications/json-1.8.1.gemspec
I, [2014-01-24T02:42:21.481046 #28458]  INFO -- : 0:  tilt (1.4.1) from /Users/statwonk/.rvm/gems/ruby-2.0.0-p247@global/specifications/tilt-1.4.1.gemspec
I, [2014-01-24T02:42:21.481235 #28458]  INFO -- : 0:  sprockets (2.10.1) from /Users/statwonk/.rvm/gems/ruby-2.0.0-p247@global/specifications/sprockets-2.10.1.gemspec
I, [2014-01-24T02:42:21.481418 #28458]  INFO -- : 0:  sprockets-rails (2.0.1) from /Users/statwonk/.rvm/gems/ruby-2.0.0-p247@global/specifications/sprockets-rails-2.0.1.gemspec
I, [2014-01-24T02:42:21.481602 #28458]  INFO -- : 0:  rails (4.0.2) from /Users/statwonk/.rvm/gems/ruby-2.0.0-p247/specifications/rails-4.0.2.gemspec
I, [2014-01-24T02:42:21.481806 #28458]  INFO -- : 0:  rdoc (4.1.1) from /Users/statwonk/.rvm/gems/ruby-2.0.0-p247/specifications/rdoc-4.1.1.gemspec
I, [2014-01-24T02:42:21.481988 #28458]  INFO -- : 0:  sass (3.2.13) from /Users/statwonk/.rvm/gems/ruby-2.0.0-p247/specifications/sass-3.2.13.gemspec
I, [2014-01-24T02:42:21.482191 #28458]  INFO -- : 0:  sass-rails (4.0.1) from /Users/statwonk/.rvm/gems/ruby-2.0.0-p247/specifications/sass-rails-4.0.1.gemspec
I, [2014-01-24T02:42:21.482385 #28458]  INFO -- : 0:  sdoc (0.4.0) from /Users/statwonk/.rvm/gems/ruby-2.0.0-p247/specifications/sdoc-0.4.0.gemspec
I, [2014-01-24T02:42:21.482584 #28458]  INFO -- : 0:  sqlite3 (1.3.8) from /Users/statwonk/.rvm/gems/ruby-2.0.0-p247/specifications/sqlite3-1.3.8.gemspec
I, [2014-01-24T02:42:21.482775 #28458]  INFO -- : 0:  turbolinks (2.2.0) from /Users/statwonk/.rvm/gems/ruby-2.0.0-p247/specifications/turbolinks-2.2.0.gemspec
I, [2014-01-24T02:42:21.482956 #28458]  INFO -- : 0:  uglifier (2.4.0) from /Users/statwonk/.rvm/gems/ruby-2.0.0-p247/specifications/uglifier-2.4.0.gemspec
I, [2014-01-24T02:42:40.376538 #28468]  INFO -- : 0:  rake (10.1.1) from /Users/statwonk/.rvm/gems/ruby-2.0.0-p247/specifications/rake-10.1.1.gemspec
I, [2014-01-24T02:42:40.376878 #28468]  INFO -- : 0:  i18n (0.6.9) from /Users/statwonk/.rvm/gems/ruby-2.0.0-p247@global/specifications/i18n-0.6.9.gemspec
I, [2014-01-24T02:42:40.377091 #28468]  INFO -- : 0:  minitest (4.7.5) from /Users/statwonk/.rvm/gems/ruby-2.0.0-p247/specifications/minitest-4.7.5.gemspec
I, [2014-01-24T02:42:40.377286 #28468]  INFO -- : 0:  multi_json (1.8.4) from /Users/statwonk/.rvm/gems/ruby-2.0.0-p247@global/specifications/multi_json-1.8.4.gemspec
I, [2014-01-24T02:42:40.377478 #28468]  INFO -- : 0:  atomic (1.1.14) from /Users/statwonk/.rvm/gems/ruby-2.0.0-p247@global/specifications/atomic-1.1.14.gemspec
I, [2014-01-24T02:42:40.377653 #28468]  INFO -- : 0:  thread_safe (0.1.3) from /Users/statwonk/.rvm/gems/ruby-2.0.0-p247@global/specifications/thread_safe-0.1.3.gemspec
I, [2014-01-24T02:42:40.377840 #28468]  INFO -- : 0:  tzinfo (0.3.38) from /Users/statwonk/.rvm/gems/ruby-2.0.0-p247@global/specifications/tzinfo-0.3.38.gemspec
I, [2014-01-24T02:42:40.378042 #28468]  INFO -- : 0:  activesupport (4.0.2) from /Users/statwonk/.rvm/gems/ruby-2.0.0-p247@global/specifications/activesupport-4.0.2.gemspec
I, [2014-01-24T02:42:40.378229 #28468]  INFO -- : 0:  builder (3.1.4) from /Users/statwonk/.rvm/gems/ruby-2.0.0-p247@global/specifications/builder-3.1.4.gemspec
I, [2014-01-24T02:42:40.378414 #28468]  INFO -- : 0:  erubis (2.7.0) from /Users/statwonk/.rvm/gems/ruby-2.0.0-p247@global/specifications/erubis-2.7.0.gemspec
I, [2014-01-24T02:42:40.378581 #28468]  INFO -- : 0:  rack (1.5.2) from /Users/statwonk/.rvm/gems/ruby-2.0.0-p247/specifications/rack-1.5.2.gemspec
I, [2014-01-24T02:42:40.378765 #28468]  INFO -- : 0:  rack-test (0.6.2) from /Users/statwonk/.rvm/gems/ruby-2.0.0-p247@global/specifications/rack-test-0.6.2.gemspec
I, [2014-01-24T02:42:40.378949 #28468]  INFO -- : 0:  actionpack (4.0.2) from /Users/statwonk/.rvm/gems/ruby-2.0.0-p247@global/specifications/actionpack-4.0.2.gemspec
I, [2014-01-24T02:42:40.379135 #28468]  INFO -- : 0:  mime-types (1.25.1) from /Users/statwonk/.rvm/gems/ruby-2.0.0-p247@global/specifications/mime-types-1.25.1.gemspec
I, [2014-01-24T02:42:40.379324 #28468]  INFO -- : 0:  polyglot (0.3.3) from /Users/statwonk/.rvm/gems/ruby-2.0.0-p247@global/specifications/polyglot-0.3.3.gemspec
I, [2014-01-24T02:42:40.379511 #28468]  INFO -- : 0:  treetop (1.4.15) from /Users/statwonk/.rvm/gems/ruby-2.0.0-p247@global/specifications/treetop-1.4.15.gemspec
I, [2014-01-24T02:42:40.379684 #28468]  INFO -- : 0:  mail (2.5.4) from /Users/statwonk/.rvm/gems/ruby-2.0.0-p247@global/specifications/mail-2.5.4.gemspec
I, [2014-01-24T02:42:40.379872 #28468]  INFO -- : 0:  actionmailer (4.0.2) from /Users/statwonk/.rvm/gems/ruby-2.0.0-p247@global/specifications/actionmailer-4.0.2.gemspec
I, [2014-01-24T02:42:40.380059 #28468]  INFO -- : 0:  activemodel (4.0.2) from /Users/statwonk/.rvm/gems/ruby-2.0.0-p247@global/specifications/activemodel-4.0.2.gemspec
I, [2014-01-24T02:42:40.380248 #28468]  INFO -- : 0:  activerecord-deprecated_finders (1.0.3) from /Users/statwonk/.rvm/gems/ruby-2.0.0-p247@global/specifications/activerecord-deprecated_finders-1.0.3.gemspec
I, [2014-01-24T02:42:40.380433 #28468]  INFO -- : 0:  arel (4.0.1) from /Users/statwonk/.rvm/gems/ruby-2.0.0-p247@global/specifications/arel-4.0.1.gemspec
I, [2014-01-24T02:42:40.380602 #28468]  INFO -- : 0:  activerecord (4.0.2) from /Users/statwonk/.rvm/gems/ruby-2.0.0-p247@global/specifications/activerecord-4.0.2.gemspec
I, [2014-01-24T02:42:40.380788 #28468]  INFO -- : 0:  coffee-script-source (1.6.3) from /Users/statwonk/.rvm/gems/ruby-2.0.0-p247/specifications/coffee-script-source-1.6.3.gemspec
I, [2014-01-24T02:42:40.380973 #28468]  INFO -- : 0:  execjs (2.0.2) from /Users/statwonk/.rvm/gems/ruby-2.0.0-p247/specifications/execjs-2.0.2.gemspec
I, [2014-01-24T02:42:40.381154 #28468]  INFO -- : 0:  coffee-script (2.2.0) from /Users/statwonk/.rvm/gems/ruby-2.0.0-p247/specifications/coffee-script-2.2.0.gemspec
I, [2014-01-24T02:42:40.381364 #28468]  INFO -- : 0:  thor (0.18.1) from /Users/statwonk/.rvm/gems/ruby-2.0.0-p247/specifications/thor-0.18.1.gemspec
I, [2014-01-24T02:42:40.381548 #28468]  INFO -- : 0:  railties (4.0.2) from /Users/statwonk/.rvm/gems/ruby-2.0.0-p247@global/specifications/railties-4.0.2.gemspec
I, [2014-01-24T02:42:40.381717 #28468]  INFO -- : 0:  coffee-rails (4.0.1) from /Users/statwonk/.rvm/gems/ruby-2.0.0-p247/specifications/coffee-rails-4.0.1.gemspec
I, [2014-01-24T02:42:40.381901 #28468]  INFO -- : 0:  hike (1.2.3) from /Users/statwonk/.rvm/gems/ruby-2.0.0-p247@global/specifications/hike-1.2.3.gemspec
I, [2014-01-24T02:42:40.382085 #28468]  INFO -- : 0:  jbuilder (1.5.3) from /Users/statwonk/.rvm/gems/ruby-2.0.0-p247/specifications/jbuilder-1.5.3.gemspec
I, [2014-01-24T02:42:40.382273 #28468]  INFO -- : 0:  jquery-rails (3.0.4) from /Users/statwonk/.rvm/gems/ruby-2.0.0-p247/specifications/jquery-rails-3.0.4.gemspec
I, [2014-01-24T02:42:40.382463 #28468]  INFO -- : 0:  json (1.8.1) from /Users/statwonk/.rvm/gems/ruby-2.0.0-p247/specifications/json-1.8.1.gemspec
I, [2014-01-24T02:42:40.382656 #28468]  INFO -- : 0:  bundler (1.5.1) from /Users/statwonk/.rvm/gems/ruby-2.0.0-p247@global/specifications/bundler-1.5.1.gemspec
I, [2014-01-24T02:42:40.382832 #28468]  INFO -- : 0:  tilt (1.4.1) from /Users/statwonk/.rvm/gems/ruby-2.0.0-p247@global/specifications/tilt-1.4.1.gemspec
I, [2014-01-24T02:42:40.383020 #28468]  INFO -- : 0:  sprockets (2.10.1) from /Users/statwonk/.rvm/gems/ruby-2.0.0-p247@global/specifications/sprockets-2.10.1.gemspec
I, [2014-01-24T02:42:40.383236 #28468]  INFO -- : 0:  sprockets-rails (2.0.1) from /Users/statwonk/.rvm/gems/ruby-2.0.0-p247@global/specifications/sprockets-rails-2.0.1.gemspec
I, [2014-01-24T02:42:40.383417 #28468]  INFO -- : 0:  rails (4.0.2) from /Users/statwonk/.rvm/gems/ruby-2.0.0-p247/specifications/rails-4.0.2.gemspec
I, [2014-01-24T02:42:40.383602 #28468]  INFO -- : 0:  rdoc (4.1.1) from /Users/statwonk/.rvm/gems/ruby-2.0.0-p247/specifications/rdoc-4.1.1.gemspec
I, [2014-01-24T02:42:40.383775 #28468]  INFO -- : 0:  sass (3.2.13) from /Users/statwonk/.rvm/gems/ruby-2.0.0-p247/specifications/sass-3.2.13.gemspec
I, [2014-01-24T02:42:40.383958 #28468]  INFO -- : 0:  sass-rails (4.0.1) from /Users/statwonk/.rvm/gems/ruby-2.0.0-p247/specifications/sass-rails-4.0.1.gemspec
I, [2014-01-24T02:42:40.384136 #28468]  INFO -- : 0:  sdoc (0.4.0) from /Users/statwonk/.rvm/gems/ruby-2.0.0-p247/specifications/sdoc-0.4.0.gemspec
I, [2014-01-24T02:42:40.384320 #28468]  INFO -- : 0:  sqlite3 (1.3.8) from /Users/statwonk/.rvm/gems/ruby-2.0.0-p247/specifications/sqlite3-1.3.8.gemspec
I, [2014-01-24T02:42:40.384500 #28468]  INFO -- : 0:  turbolinks (2.2.0) from /Users/statwonk/.rvm/gems/ruby-2.0.0-p247/specifications/turbolinks-2.2.0.gemspec
I, [2014-01-24T02:42:40.384679 #28468]  INFO -- : 0:  uglifier (2.4.0) from /Users/statwonk/.rvm/gems/ruby-2.0.0-p247/specifications/uglifier-2.4.0.gemspec
I, [2014-01-24T02:43:52.820174 #28493]  INFO -- : 0:  rake (10.1.1) from /Users/statwonk/.rvm/gems/ruby-2.0.0-p247/specifications/rake-10.1.1.gemspec
I, [2014-01-24T02:43:52.820493 #28493]  INFO -- : 0:  i18n (0.6.9) from /Users/statwonk/.rvm/gems/ruby-2.0.0-p247@global/specifications/i18n-0.6.9.gemspec
I, [2014-01-24T02:43:52.820735 #28493]  INFO -- : 0:  minitest (4.7.5) from /Users/statwonk/.rvm/gems/ruby-2.0.0-p247/specifications/minitest-4.7.5.gemspec
I, [2014-01-24T02:43:52.820956 #28493]  INFO -- : 0:  multi_json (1.8.4) from /Users/statwonk/.rvm/gems/ruby-2.0.0-p247@global/specifications/multi_json-1.8.4.gemspec
I, [2014-01-24T02:43:52.821179 #28493]  INFO -- : 0:  atomic (1.1.14) from /Users/statwonk/.rvm/gems/ruby-2.0.0-p247@global/specifications/atomic-1.1.14.gemspec
I, [2014-01-24T02:43:52.821390 #28493]  INFO -- : 0:  thread_safe (0.1.3) from /Users/statwonk/.rvm/gems/ruby-2.0.0-p247@global/specifications/thread_safe-0.1.3.gemspec
I, [2014-01-24T02:43:52.821598 #28493]  INFO -- : 0:  tzinfo (0.3.38) from /Users/statwonk/.rvm/gems/ruby-2.0.0-p247@global/specifications/tzinfo-0.3.38.gemspec
I, [2014-01-24T02:43:52.821817 #28493]  INFO -- : 0:  activesupport (4.0.2) from /Users/statwonk/.rvm/gems/ruby-2.0.0-p247@global/specifications/activesupport-4.0.2.gemspec
I, [2014-01-24T02:43:52.822026 #28493]  INFO -- : 0:  builder (3.1.4) from /Users/statwonk/.rvm/gems/ruby-2.0.0-p247@global/specifications/builder-3.1.4.gemspec
I, [2014-01-24T02:43:52.822260 #28493]  INFO -- : 0:  erubis (2.7.0) from /Users/statwonk/.rvm/gems/ruby-2.0.0-p247@global/specifications/erubis-2.7.0.gemspec
I, [2014-01-24T02:43:52.822483 #28493]  INFO -- : 0:  rack (1.5.2) from /Users/statwonk/.rvm/gems/ruby-2.0.0-p247/specifications/rack-1.5.2.gemspec
I, [2014-01-24T02:43:52.822700 #28493]  INFO -- : 0:  rack-test (0.6.2) from /Users/statwonk/.rvm/gems/ruby-2.0.0-p247@global/specifications/rack-test-0.6.2.gemspec
I, [2014-01-24T02:43:52.822939 #28493]  INFO -- : 0:  actionpack (4.0.2) from /Users/statwonk/.rvm/gems/ruby-2.0.0-p247@global/specifications/actionpack-4.0.2.gemspec
I, [2014-01-24T02:43:52.823178 #28493]  INFO -- : 0:  mime-types (1.25.1) from /Users/statwonk/.rvm/gems/ruby-2.0.0-p247@global/specifications/mime-types-1.25.1.gemspec
I, [2014-01-24T02:43:52.823414 #28493]  INFO -- : 0:  polyglot (0.3.3) from /Users/statwonk/.rvm/gems/ruby-2.0.0-p247@global/specifications/polyglot-0.3.3.gemspec
I, [2014-01-24T02:43:52.823644 #28493]  INFO -- : 0:  treetop (1.4.15) from /Users/statwonk/.rvm/gems/ruby-2.0.0-p247@global/specifications/treetop-1.4.15.gemspec
I, [2014-01-24T02:43:52.823871 #28493]  INFO -- : 0:  mail (2.5.4) from /Users/statwonk/.rvm/gems/ruby-2.0.0-p247@global/specifications/mail-2.5.4.gemspec
I, [2014-01-24T02:43:52.824111 #28493]  INFO -- : 0:  actionmailer (4.0.2) from /Users/statwonk/.rvm/gems/ruby-2.0.0-p247@global/specifications/actionmailer-4.0.2.gemspec
I, [2014-01-24T02:43:52.824360 #28493]  INFO -- : 0:  activemodel (4.0.2) from /Users/statwonk/.rvm/gems/ruby-2.0.0-p247@global/specifications/activemodel-4.0.2.gemspec
I, [2014-01-24T02:43:52.824619 #28493]  INFO -- : 0:  activerecord-deprecated_finders (1.0.3) from /Users/statwonk/.rvm/gems/ruby-2.0.0-p247@global/specifications/activerecord-deprecated_finders-1.0.3.gemspec
I, [2014-01-24T02:43:52.824843 #28493]  INFO -- : 0:  arel (4.0.1) from /Users/statwonk/.rvm/gems/ruby-2.0.0-p247@global/specifications/arel-4.0.1.gemspec
I, [2014-01-24T02:43:52.838296 #28493]  INFO -- : 0:  activerecord (4.0.2) from /Users/statwonk/.rvm/gems/ruby-2.0.0-p247@global/specifications/activerecord-4.0.2.gemspec
I, [2014-01-24T02:43:52.838685 #28493]  INFO -- : 0:  bundler (1.5.1) from /Users/statwonk/.rvm/gems/ruby-2.0.0-p247@global/specifications/bundler-1.5.1.gemspec
I, [2014-01-24T02:43:52.839064 #28493]  INFO -- : 0:  coffee-script-source (1.6.3) from /Users/statwonk/.rvm/gems/ruby-2.0.0-p247/specifications/coffee-script-source-1.6.3.gemspec
I, [2014-01-24T02:43:52.839296 #28493]  INFO -- : 0:  execjs (2.0.2) from /Users/statwonk/.rvm/gems/ruby-2.0.0-p247/specifications/execjs-2.0.2.gemspec
I, [2014-01-24T02:43:52.839535 #28493]  INFO -- : 0:  coffee-script (2.2.0) from /Users/statwonk/.rvm/gems/ruby-2.0.0-p247/specifications/coffee-script-2.2.0.gemspec
I, [2014-01-24T02:43:52.839790 #28493]  INFO -- : 0:  thor (0.18.1) from /Users/statwonk/.rvm/gems/ruby-2.0.0-p247/specifications/thor-0.18.1.gemspec
I, [2014-01-24T02:43:52.840019 #28493]  INFO -- : 0:  railties (4.0.2) from /Users/statwonk/.rvm/gems/ruby-2.0.0-p247@global/specifications/railties-4.0.2.gemspec
I, [2014-01-24T02:43:52.840237 #28493]  INFO -- : 0:  coffee-rails (4.0.1) from /Users/statwonk/.rvm/gems/ruby-2.0.0-p247/specifications/coffee-rails-4.0.1.gemspec
I, [2014-01-24T02:43:52.840474 #28493]  INFO -- : 0:  sass (3.2.13) from /Users/statwonk/.rvm/gems/ruby-2.0.0-p247/specifications/sass-3.2.13.gemspec
I, [2014-01-24T02:43:53.757954 #28493]  INFO -- : 0:  foundation-rails (5.0.3.1) from /Users/statwonk/.rvm/gems/ruby-2.0.0-p247/specifications/foundation-rails-5.0.3.1.gemspec
I, [2014-01-24T02:43:53.758306 #28493]  INFO -- : 0:  hike (1.2.3) from /Users/statwonk/.rvm/gems/ruby-2.0.0-p247@global/specifications/hike-1.2.3.gemspec
I, [2014-01-24T02:43:53.758524 #28493]  INFO -- : 0:  jbuilder (1.5.3) from /Users/statwonk/.rvm/gems/ruby-2.0.0-p247/specifications/jbuilder-1.5.3.gemspec
I, [2014-01-24T02:43:53.758733 #28493]  INFO -- : 0:  jquery-rails (3.0.4) from /Users/statwonk/.rvm/gems/ruby-2.0.0-p247/specifications/jquery-rails-3.0.4.gemspec
I, [2014-01-24T02:43:53.758942 #28493]  INFO -- : 0:  json (1.8.1) from /Users/statwonk/.rvm/gems/ruby-2.0.0-p247/specifications/json-1.8.1.gemspec
I, [2014-01-24T02:43:53.759149 #28493]  INFO -- : 0:  tilt (1.4.1) from /Users/statwonk/.rvm/gems/ruby-2.0.0-p247@global/specifications/tilt-1.4.1.gemspec
I, [2014-01-24T02:43:53.759354 #28493]  INFO -- : 0:  sprockets (2.10.1) from /Users/statwonk/.rvm/gems/ruby-2.0.0-p247@global/specifications/sprockets-2.10.1.gemspec
I, [2014-01-24T02:43:53.759559 #28493]  INFO -- : 0:  sprockets-rails (2.0.1) from /Users/statwonk/.rvm/gems/ruby-2.0.0-p247@global/specifications/sprockets-rails-2.0.1.gemspec
I, [2014-01-24T02:43:53.759760 #28493]  INFO -- : 0:  rails (4.0.2) from /Users/statwonk/.rvm/gems/ruby-2.0.0-p247/specifications/rails-4.0.2.gemspec
I, [2014-01-24T02:43:53.760025 #28493]  INFO -- : 0:  rdoc (4.1.1) from /Users/statwonk/.rvm/gems/ruby-2.0.0-p247/specifications/rdoc-4.1.1.gemspec
I, [2014-01-24T02:43:53.760229 #28493]  INFO -- : 0:  sass-rails (4.0.1) from /Users/statwonk/.rvm/gems/ruby-2.0.0-p247/specifications/sass-rails-4.0.1.gemspec
I, [2014-01-24T02:43:53.760422 #28493]  INFO -- : 0:  sdoc (0.4.0) from /Users/statwonk/.rvm/gems/ruby-2.0.0-p247/specifications/sdoc-0.4.0.gemspec
I, [2014-01-24T02:43:53.760623 #28493]  INFO -- : 0:  sqlite3 (1.3.8) from /Users/statwonk/.rvm/gems/ruby-2.0.0-p247/specifications/sqlite3-1.3.8.gemspec
I, [2014-01-24T02:43:53.760827 #28493]  INFO -- : 0:  turbolinks (2.2.0) from /Users/statwonk/.rvm/gems/ruby-2.0.0-p247/specifications/turbolinks-2.2.0.gemspec
I, [2014-01-24T02:43:53.761028 #28493]  INFO -- : 0:  uglifier (2.4.0) from /Users/statwonk/.rvm/gems/ruby-2.0.0-p247/specifications/uglifier-2.4.0.gemspec
I, [2014-01-24T10:19:09.181786 #29621]  INFO -- : 0:  rake (10.1.1) from /Users/statwonk/.rvm/gems/ruby-2.0.0-p247/specifications/rake-10.1.1.gemspec
I, [2014-01-24T10:19:09.182085 #29621]  INFO -- : 0:  i18n (0.6.9) from /Users/statwonk/.rvm/gems/ruby-2.0.0-p247@global/specifications/i18n-0.6.9.gemspec
I, [2014-01-24T10:19:09.182286 #29621]  INFO -- : 0:  minitest (4.7.5) from /Users/statwonk/.rvm/gems/ruby-2.0.0-p247/specifications/minitest-4.7.5.gemspec
I, [2014-01-24T10:19:09.182465 #29621]  INFO -- : 0:  multi_json (1.8.4) from /Users/statwonk/.rvm/gems/ruby-2.0.0-p247@global/specifications/multi_json-1.8.4.gemspec
I, [2014-01-24T10:19:09.182646 #29621]  INFO -- : 0:  atomic (1.1.14) from /Users/statwonk/.rvm/gems/ruby-2.0.0-p247@global/specifications/atomic-1.1.14.gemspec
I, [2014-01-24T10:19:09.182823 #29621]  INFO -- : 0:  thread_safe (0.1.3) from /Users/statwonk/.rvm/gems/ruby-2.0.0-p247@global/specifications/thread_safe-0.1.3.gemspec
I, [2014-01-24T10:19:09.183000 #29621]  INFO -- : 0:  tzinfo (0.3.38) from /Users/statwonk/.rvm/gems/ruby-2.0.0-p247@global/specifications/tzinfo-0.3.38.gemspec
I, [2014-01-24T10:19:09.183174 #29621]  INFO -- : 0:  activesupport (4.0.2) from /Users/statwonk/.rvm/gems/ruby-2.0.0-p247@global/specifications/activesupport-4.0.2.gemspec
I, [2014-01-24T10:19:09.183342 #29621]  INFO -- : 0:  builder (3.1.4) from /Users/statwonk/.rvm/gems/ruby-2.0.0-p247@global/specifications/builder-3.1.4.gemspec
I, [2014-01-24T10:19:09.183515 #29621]  INFO -- : 0:  erubis (2.7.0) from /Users/statwonk/.rvm/gems/ruby-2.0.0-p247@global/specifications/erubis-2.7.0.gemspec
I, [2014-01-24T10:19:09.183685 #29621]  INFO -- : 0:  rack (1.5.2) from /Users/statwonk/.rvm/gems/ruby-2.0.0-p247/specifications/rack-1.5.2.gemspec
I, [2014-01-24T10:19:09.183859 #29621]  INFO -- : 0:  rack-test (0.6.2) from /Users/statwonk/.rvm/gems/ruby-2.0.0-p247@global/specifications/rack-test-0.6.2.gemspec
I, [2014-01-24T10:19:09.184033 #29621]  INFO -- : 0:  actionpack (4.0.2) from /Users/statwonk/.rvm/gems/ruby-2.0.0-p247@global/specifications/actionpack-4.0.2.gemspec
I, [2014-01-24T10:19:09.184207 #29621]  INFO -- : 0:  mime-types (1.25.1) from /Users/statwonk/.rvm/gems/ruby-2.0.0-p247@global/specifications/mime-types-1.25.1.gemspec
I, [2014-01-24T10:19:09.184376 #29621]  INFO -- : 0:  polyglot (0.3.3) from /Users/statwonk/.rvm/gems/ruby-2.0.0-p247@global/specifications/polyglot-0.3.3.gemspec
I, [2014-01-24T10:19:09.184549 #29621]  INFO -- : 0:  treetop (1.4.15) from /Users/statwonk/.rvm/gems/ruby-2.0.0-p247@global/specifications/treetop-1.4.15.gemspec
I, [2014-01-24T10:19:09.184722 #29621]  INFO -- : 0:  mail (2.5.4) from /Users/statwonk/.rvm/gems/ruby-2.0.0-p247@global/specifications/mail-2.5.4.gemspec
I, [2014-01-24T10:19:09.184897 #29621]  INFO -- : 0:  actionmailer (4.0.2) from /Users/statwonk/.rvm/gems/ruby-2.0.0-p247@global/specifications/actionmailer-4.0.2.gemspec
I, [2014-01-24T10:19:09.185071 #29621]  INFO -- : 0:  activemodel (4.0.2) from /Users/statwonk/.rvm/gems/ruby-2.0.0-p247@global/specifications/activemodel-4.0.2.gemspec
I, [2014-01-24T10:19:09.185262 #29621]  INFO -- : 0:  activerecord-deprecated_finders (1.0.3) from /Users/statwonk/.rvm/gems/ruby-2.0.0-p247@global/specifications/activerecord-deprecated_finders-1.0.3.gemspec
I, [2014-01-24T10:19:09.185432 #29621]  INFO -- : 0:  arel (4.0.1) from /Users/statwonk/.rvm/gems/ruby-2.0.0-p247@global/specifications/arel-4.0.1.gemspec
I, [2014-01-24T10:19:09.185607 #29621]  INFO -- : 0:  activerecord (4.0.2) from /Users/statwonk/.rvm/gems/ruby-2.0.0-p247@global/specifications/activerecord-4.0.2.gemspec
I, [2014-01-24T10:19:10.503399 #29621]  INFO -- : 0:  blankslate (2.1.2.4) from /Users/statwonk/.rvm/gems/ruby-2.0.0-p247/specifications/blankslate-2.1.2.4.gemspec
I, [2014-01-24T10:19:12.414983 #29621]  INFO -- : 0:  fast-stemmer (1.0.2) from /Users/statwonk/.rvm/gems/ruby-2.0.0-p247/specifications/fast-stemmer-1.0.2.gemspec
I, [2014-01-24T10:19:13.529403 #29621]  INFO -- : 0:  classifier (1.3.4) from /Users/statwonk/.rvm/gems/ruby-2.0.0-p247/specifications/classifier-1.3.4.gemspec
I, [2014-01-24T10:19:14.535884 #29621]  INFO -- : 0:  colorator (0.1) from /Users/statwonk/.rvm/gems/ruby-2.0.0-p247/specifications/colorator-0.1.gemspec
I, [2014-01-24T10:19:15.966666 #29621]  INFO -- : 0:  highline (1.6.20) from /Users/statwonk/.rvm/gems/ruby-2.0.0-p247/specifications/highline-1.6.20.gemspec
I, [2014-01-24T10:19:17.071956 #29621]  INFO -- : 0:  commander (4.1.5) from /Users/statwonk/.rvm/gems/ruby-2.0.0-p247/specifications/commander-4.1.5.gemspec
I, [2014-01-24T10:19:18.230795 #29621]  INFO -- : 0:  liquid (2.5.5) from /Users/statwonk/.rvm/gems/ruby-2.0.0-p247/specifications/liquid-2.5.5.gemspec
I, [2014-01-24T10:19:20.096228 #29621]  INFO -- : 0:  rb-fsevent (0.9.4) from /Users/statwonk/.rvm/gems/ruby-2.0.0-p247/specifications/rb-fsevent-0.9.4.gemspec
I, [2014-01-24T10:19:24.680041 #29621]  INFO -- : 0:  ffi (1.9.3) from /Users/statwonk/.rvm/gems/ruby-2.0.0-p247/specifications/ffi-1.9.3.gemspec
I, [2014-01-24T10:19:25.942059 #29621]  INFO -- : 0:  rb-inotify (0.9.3) from /Users/statwonk/.rvm/gems/ruby-2.0.0-p247/specifications/rb-inotify-0.9.3.gemspec
I, [2014-01-24T10:19:26.611835 #29621]  INFO -- : 0:  rb-kqueue (0.2.0) from /Users/statwonk/.rvm/gems/ruby-2.0.0-p247/specifications/rb-kqueue-0.2.0.gemspec
I, [2014-01-24T10:19:27.733104 #29621]  INFO -- : 0:  listen (1.3.1) from /Users/statwonk/.rvm/gems/ruby-2.0.0-p247/specifications/listen-1.3.1.gemspec
I, [2014-01-24T10:19:29.086294 #29621]  INFO -- : 0:  maruku (0.7.1) from /Users/statwonk/.rvm/gems/ruby-2.0.0-p247/specifications/maruku-0.7.1.gemspec
I, [2014-01-24T10:19:30.384702 #29621]  INFO -- : 0:  posix-spawn (0.3.8) from /Users/statwonk/.rvm/gems/ruby-2.0.0-p247/specifications/posix-spawn-0.3.8.gemspec
I, [2014-01-24T10:19:30.385129 #29621]  INFO -- : 0:  yajl-ruby (1.1.0) from /Users/statwonk/.rvm/gems/ruby-2.0.0-p247/specifications/yajl-ruby-1.1.0.gemspec
I, [2014-01-24T10:19:33.380802 #29621]  INFO -- : 0:  pygments.rb (0.5.4) from /Users/statwonk/.rvm/gems/ruby-2.0.0-p247/specifications/pygments.rb-0.5.4.gemspec
I, [2014-01-24T10:19:36.242777 #29621]  INFO -- : 0:  redcarpet (2.3.0) from /Users/statwonk/.rvm/gems/ruby-2.0.0-p247/specifications/redcarpet-2.3.0.gemspec
I, [2014-01-24T10:19:37.902072 #29621]  INFO -- : 0:  safe_yaml (0.9.7) from /Users/statwonk/.rvm/gems/ruby-2.0.0-p247/specifications/safe_yaml-0.9.7.gemspec
I, [2014-01-24T10:19:38.702994 #29621]  INFO -- : 0:  parslet (1.5.0) from /Users/statwonk/.rvm/gems/ruby-2.0.0-p247/specifications/parslet-1.5.0.gemspec
I, [2014-01-24T10:19:39.729516 #29621]  INFO -- : 0:  toml (0.1.0) from /Users/statwonk/.rvm/gems/ruby-2.0.0-p247/specifications/toml-0.1.0.gemspec
I, [2014-01-24T10:19:40.834792 #29621]  INFO -- : 0:  jekyll (1.4.3) from /Users/statwonk/.rvm/gems/ruby-2.0.0-p247/specifications/jekyll-1.4.3.gemspec
I, [2014-01-24T10:19:41.629518 #29621]  INFO -- : 0:  rack-contrib (1.1.0) from /Users/statwonk/.rvm/gems/ruby-2.0.0-p247/specifications/rack-contrib-1.1.0.gemspec
I, [2014-01-24T10:19:41.629837 #29621]  INFO -- : 0:  bundler (1.5.1) from /Users/statwonk/.rvm/gems/ruby-2.0.0-p247@global/specifications/bundler-1.5.1.gemspec
I, [2014-01-24T10:19:41.630065 #29621]  INFO -- : 0:  thor (0.18.1) from /Users/statwonk/.rvm/gems/ruby-2.0.0-p247/specifications/thor-0.18.1.gemspec
I, [2014-01-24T10:19:41.630268 #29621]  INFO -- : 0:  railties (4.0.2) from /Users/statwonk/.rvm/gems/ruby-2.0.0-p247@global/specifications/railties-4.0.2.gemspec
I, [2014-01-24T10:19:41.630466 #29621]  INFO -- : 0:  hike (1.2.3) from /Users/statwonk/.rvm/gems/ruby-2.0.0-p247@global/specifications/hike-1.2.3.gemspec
I, [2014-01-24T10:19:41.630676 #29621]  INFO -- : 0:  tilt (1.4.1) from /Users/statwonk/.rvm/gems/ruby-2.0.0-p247@global/specifications/tilt-1.4.1.gemspec
I, [2014-01-24T10:19:41.630875 #29621]  INFO -- : 0:  sprockets (2.10.1) from /Users/statwonk/.rvm/gems/ruby-2.0.0-p247@global/specifications/sprockets-2.10.1.gemspec
I, [2014-01-24T10:19:41.631071 #29621]  INFO -- : 0:  sprockets-rails (2.0.1) from /Users/statwonk/.rvm/gems/ruby-2.0.0-p247@global/specifications/sprockets-rails-2.0.1.gemspec
I, [2014-01-24T10:19:41.631256 #29621]  INFO -- : 0:  rails (4.0.2) from /Users/statwonk/.rvm/gems/ruby-2.0.0-p247/specifications/rails-4.0.2.gemspec
I, [2014-01-24T10:19:44.857501 #29621]  INFO -- : 0:  rdiscount (2.1.7) from /Users/statwonk/.rvm/gems/ruby-2.0.0-p247/specifications/rdiscount-2.1.7.gemspec
I, [2014-01-24T10:19:45.924308 #29621]  INFO -- : 0:  bloggy (0.3) from /Users/statwonk/.rvm/gems/ruby-2.0.0-p247/specifications/bloggy-0.3.gemspec
I, [2014-01-24T10:19:45.924689 #29621]  INFO -- : 0:  coffee-script-source (1.6.3) from /Users/statwonk/.rvm/gems/ruby-2.0.0-p247/specifications/coffee-script-source-1.6.3.gemspec
I, [2014-01-24T10:19:45.924949 #29621]  INFO -- : 0:  execjs (2.0.2) from /Users/statwonk/.rvm/gems/ruby-2.0.0-p247/specifications/execjs-2.0.2.gemspec
I, [2014-01-24T10:19:45.925294 #29621]  INFO -- : 0:  coffee-script (2.2.0) from /Users/statwonk/.rvm/gems/ruby-2.0.0-p247/specifications/coffee-script-2.2.0.gemspec
I, [2014-01-24T10:19:45.925661 #29621]  INFO -- : 0:  coffee-rails (4.0.1) from /Users/statwonk/.rvm/gems/ruby-2.0.0-p247/specifications/coffee-rails-4.0.1.gemspec
I, [2014-01-24T10:19:45.926027 #29621]  INFO -- : 0:  sass (3.2.13) from /Users/statwonk/.rvm/gems/ruby-2.0.0-p247/specifications/sass-3.2.13.gemspec
I, [2014-01-24T10:19:45.926374 #29621]  INFO -- : 0:  foundation-rails (5.0.3.1) from /Users/statwonk/.rvm/gems/ruby-2.0.0-p247/specifications/foundation-rails-5.0.3.1.gemspec
I, [2014-01-24T10:19:45.926687 #29621]  INFO -- : 0:  jbuilder (1.5.3) from /Users/statwonk/.rvm/gems/ruby-2.0.0-p247/specifications/jbuilder-1.5.3.gemspec
I, [2014-01-24T10:19:45.927005 #29621]  INFO -- : 0:  jquery-rails (3.0.4) from /Users/statwonk/.rvm/gems/ruby-2.0.0-p247/specifications/jquery-rails-3.0.4.gemspec
I, [2014-01-24T10:19:45.927343 #29621]  INFO -- : 0:  json (1.8.1) from /Users/statwonk/.rvm/gems/ruby-2.0.0-p247/specifications/json-1.8.1.gemspec
I, [2014-01-24T10:19:45.927666 #29621]  INFO -- : 0:  rdoc (4.1.1) from /Users/statwonk/.rvm/gems/ruby-2.0.0-p247/specifications/rdoc-4.1.1.gemspec
I, [2014-01-24T10:19:45.927983 #29621]  INFO -- : 0:  sass-rails (4.0.1) from /Users/statwonk/.rvm/gems/ruby-2.0.0-p247/specifications/sass-rails-4.0.1.gemspec
I, [2014-01-24T10:19:45.928302 #29621]  INFO -- : 0:  sdoc (0.4.0) from /Users/statwonk/.rvm/gems/ruby-2.0.0-p247/specifications/sdoc-0.4.0.gemspec
I, [2014-01-24T10:19:45.928612 #29621]  INFO -- : 0:  sqlite3 (1.3.8) from /Users/statwonk/.rvm/gems/ruby-2.0.0-p247/specifications/sqlite3-1.3.8.gemspec
I, [2014-01-24T10:19:45.928928 #29621]  INFO -- : 0:  turbolinks (2.2.0) from /Users/statwonk/.rvm/gems/ruby-2.0.0-p247/specifications/turbolinks-2.2.0.gemspec
I, [2014-01-24T10:19:45.929253 #29621]  INFO -- : 0:  uglifier (2.4.0) from /Users/statwonk/.rvm/gems/ruby-2.0.0-p247/specifications/uglifier-2.4.0.gemspec
I, [2014-01-24T11:03:35.511696 #31187]  INFO -- : 0:  rake (0.9.2.2) from /Users/statwonk/.rvm/gems/ruby-2.0.0-p247/specifications/rake-0.9.2.2.gemspec
I, [2014-01-24T11:03:35.511995 #31187]  INFO -- : 0:  RedCloth (4.2.9) from /Users/statwonk/.rvm/gems/ruby-2.0.0-p247/specifications/RedCloth-4.2.9.gemspec
I, [2014-01-24T11:03:35.512228 #31187]  INFO -- : 0:  chunky_png (1.2.5) from /Users/statwonk/.rvm/gems/ruby-2.0.0-p247/specifications/chunky_png-1.2.5.gemspec
I, [2014-01-24T11:03:35.512444 #31187]  INFO -- : 0:  fast-stemmer (1.0.1) from /Users/statwonk/.rvm/gems/ruby-2.0.0-p247/specifications/fast-stemmer-1.0.1.gemspec
I, [2014-01-24T11:03:35.512650 #31187]  INFO -- : 0:  classifier (1.3.3) from /Users/statwonk/.rvm/gems/ruby-2.0.0-p247/specifications/classifier-1.3.3.gemspec
I, [2014-01-24T11:03:35.512853 #31187]  INFO -- : 0:  fssm (0.2.9) from /Users/statwonk/.rvm/gems/ruby-2.0.0-p247/specifications/fssm-0.2.9.gemspec
I, [2014-01-24T11:03:35.513056 #31187]  INFO -- : 0:  sass (3.2.9) from /Users/statwonk/.rvm/gems/ruby-2.0.0-p247/specifications/sass-3.2.9.gemspec
I, [2014-01-24T11:03:35.513256 #31187]  INFO -- : 0:  compass (0.12.2) from /Users/statwonk/.rvm/gems/ruby-2.0.0-p247/specifications/compass-0.12.2.gemspec
I, [2014-01-24T11:03:35.513457 #31187]  INFO -- : 0:  directory_watcher (1.4.1) from /Users/statwonk/.rvm/gems/ruby-2.0.0-p247/specifications/directory_watcher-1.4.1.gemspec
I, [2014-01-24T11:03:35.513654 #31187]  INFO -- : 0:  haml (3.1.7) from /Users/statwonk/.rvm/gems/ruby-2.0.0-p247/specifications/haml-3.1.7.gemspec
I, [2014-01-24T11:03:35.513851 #31187]  INFO -- : 0:  kramdown (0.13.8) from /Users/statwonk/.rvm/gems/ruby-2.0.0-p247/specifications/kramdown-0.13.8.gemspec
I, [2014-01-24T11:03:35.514053 #31187]  INFO -- : 0:  liquid (2.3.0) from /Users/statwonk/.rvm/gems/ruby-2.0.0-p247/specifications/liquid-2.3.0.gemspec
I, [2014-01-24T11:03:35.514252 #31187]  INFO -- : 0:  syntax (1.0.0) from /Users/statwonk/.rvm/gems/ruby-2.0.0-p247/specifications/syntax-1.0.0.gemspec
I, [2014-01-24T11:03:35.514453 #31187]  INFO -- : 0:  maruku (0.6.1) from /Users/statwonk/.rvm/gems/ruby-2.0.0-p247/specifications/maruku-0.6.1.gemspec
I, [2014-01-24T11:03:35.514655 #31187]  INFO -- : 0:  posix-spawn (0.3.6) from /Users/statwonk/.rvm/gems/ruby-2.0.0-p247/specifications/posix-spawn-0.3.6.gemspec
I, [2014-01-24T11:03:35.514849 #31187]  INFO -- : 0:  yajl-ruby (1.1.0) from /Users/statwonk/.rvm/gems/ruby-2.0.0-p247/specifications/yajl-ruby-1.1.0.gemspec
I, [2014-01-24T11:03:35.515053 #31187]  INFO -- : 0:  pygments.rb (0.3.4) from /Users/statwonk/.rvm/gems/ruby-2.0.0-p247/specifications/pygments.rb-0.3.4.gemspec
I, [2014-01-24T11:03:35.515254 #31187]  INFO -- : 0:  jekyll (0.12.0) from /Users/statwonk/.rvm/gems/ruby-2.0.0-p247/specifications/jekyll-0.12.0.gemspec
I, [2014-01-24T11:03:35.515455 #31187]  INFO -- : 0:  rack (1.5.2) from /Users/statwonk/.rvm/gems/ruby-2.0.0-p247/specifications/rack-1.5.2.gemspec
I, [2014-01-24T11:03:35.515657 #31187]  INFO -- : 0:  rack-protection (1.5.0) from /Users/statwonk/.rvm/gems/ruby-2.0.0-p247/specifications/rack-protection-1.5.0.gemspec
I, [2014-01-24T11:03:35.515858 #31187]  INFO -- : 0:  rb-fsevent (0.9.1) from /Users/statwonk/.rvm/gems/ruby-2.0.0-p247/specifications/rb-fsevent-0.9.1.gemspec
I, [2014-01-24T11:03:35.516056 #31187]  INFO -- : 0:  rdiscount (2.0.7.3) from /Users/statwonk/.rvm/gems/ruby-2.0.0-p247/specifications/rdiscount-2.0.7.3.gemspec
I, [2014-01-24T11:03:35.516252 #31187]  INFO -- : 0:  rubypants (0.2.0) from /Users/statwonk/.rvm/gems/ruby-2.0.0-p247/specifications/rubypants-0.2.0.gemspec
I, [2014-01-24T11:03:35.516449 #31187]  INFO -- : 0:  sass-globbing (1.0.0) from /Users/statwonk/.rvm/gems/ruby-2.0.0-p247/specifications/sass-globbing-1.0.0.gemspec
I, [2014-01-24T11:03:35.516658 #31187]  INFO -- : 0:  tilt (1.3.7) from /Users/statwonk/.rvm/gems/ruby-2.0.0-p247/specifications/tilt-1.3.7.gemspec
I, [2014-01-24T11:03:35.516841 #31187]  INFO -- : 0:  sinatra (1.4.2) from /Users/statwonk/.rvm/gems/ruby-2.0.0-p247/specifications/sinatra-1.4.2.gemspec
I, [2014-01-24T11:03:35.517041 #31187]  INFO -- : 0:  stringex (1.4.0) from /Users/statwonk/.rvm/gems/ruby-2.0.0-p247/specifications/stringex-1.4.0.gemspec
I, [2014-01-24T11:03:35.517230 #31187]  INFO -- : 0:  bundler (1.5.1) from /Users/statwonk/.rvm/gems/ruby-2.0.0-p247@global/specifications/bundler-1.5.1.gemspec
I, [2014-01-24T11:05:55.280038 #31323]  INFO -- : 0:  rake (0.9.2.2) from /Users/statwonk/.rvm/gems/ruby-2.0.0-p247/specifications/rake-0.9.2.2.gemspec
I, [2014-01-24T11:05:55.280354 #31323]  INFO -- : 0:  RedCloth (4.2.9) from /Users/statwonk/.rvm/gems/ruby-2.0.0-p247/specifications/RedCloth-4.2.9.gemspec
I, [2014-01-24T11:05:55.280558 #31323]  INFO -- : 0:  chunky_png (1.2.5) from /Users/statwonk/.rvm/gems/ruby-2.0.0-p247/specifications/chunky_png-1.2.5.gemspec
I, [2014-01-24T11:05:55.280758 #31323]  INFO -- : 0:  fast-stemmer (1.0.1) from /Users/statwonk/.rvm/gems/ruby-2.0.0-p247/specifications/fast-stemmer-1.0.1.gemspec
I, [2014-01-24T11:05:55.280951 #31323]  INFO -- : 0:  classifier (1.3.3) from /Users/statwonk/.rvm/gems/ruby-2.0.0-p247/specifications/classifier-1.3.3.gemspec
I, [2014-01-24T11:05:55.281137 #31323]  INFO -- : 0:  fssm (0.2.9) from /Users/statwonk/.rvm/gems/ruby-2.0.0-p247/specifications/fssm-0.2.9.gemspec
I, [2014-01-24T11:05:55.281324 #31323]  INFO -- : 0:  sass (3.2.9) from /Users/statwonk/.rvm/gems/ruby-2.0.0-p247/specifications/sass-3.2.9.gemspec
I, [2014-01-24T11:05:55.281508 #31323]  INFO -- : 0:  compass (0.12.2) from /Users/statwonk/.rvm/gems/ruby-2.0.0-p247/specifications/compass-0.12.2.gemspec
I, [2014-01-24T11:05:55.281692 #31323]  INFO -- : 0:  directory_watcher (1.4.1) from /Users/statwonk/.rvm/gems/ruby-2.0.0-p247/specifications/directory_watcher-1.4.1.gemspec
I, [2014-01-24T11:05:55.281877 #31323]  INFO -- : 0:  haml (3.1.7) from /Users/statwonk/.rvm/gems/ruby-2.0.0-p247/specifications/haml-3.1.7.gemspec
I, [2014-01-24T11:05:55.282097 #31323]  INFO -- : 0:  kramdown (0.13.8) from /Users/statwonk/.rvm/gems/ruby-2.0.0-p247/specifications/kramdown-0.13.8.gemspec
I, [2014-01-24T11:05:55.282286 #31323]  INFO -- : 0:  liquid (2.3.0) from /Users/statwonk/.rvm/gems/ruby-2.0.0-p247/specifications/liquid-2.3.0.gemspec
I, [2014-01-24T11:05:55.282466 #31323]  INFO -- : 0:  syntax (1.0.0) from /Users/statwonk/.rvm/gems/ruby-2.0.0-p247/specifications/syntax-1.0.0.gemspec
I, [2014-01-24T11:05:55.282653 #31323]  INFO -- : 0:  maruku (0.6.1) from /Users/statwonk/.rvm/gems/ruby-2.0.0-p247/specifications/maruku-0.6.1.gemspec
I, [2014-01-24T11:05:55.282841 #31323]  INFO -- : 0:  posix-spawn (0.3.6) from /Users/statwonk/.rvm/gems/ruby-2.0.0-p247/specifications/posix-spawn-0.3.6.gemspec
I, [2014-01-24T11:05:55.283024 #31323]  INFO -- : 0:  yajl-ruby (1.1.0) from /Users/statwonk/.rvm/gems/ruby-2.0.0-p247/specifications/yajl-ruby-1.1.0.gemspec
I, [2014-01-24T11:05:55.283210 #31323]  INFO -- : 0:  pygments.rb (0.3.4) from /Users/statwonk/.rvm/gems/ruby-2.0.0-p247/specifications/pygments.rb-0.3.4.gemspec
I, [2014-01-24T11:05:55.283398 #31323]  INFO -- : 0:  jekyll (0.12.0) from /Users/statwonk/.rvm/gems/ruby-2.0.0-p247/specifications/jekyll-0.12.0.gemspec
I, [2014-01-24T11:05:55.283578 #31323]  INFO -- : 0:  rack (1.5.2) from /Users/statwonk/.rvm/gems/ruby-2.0.0-p247/specifications/rack-1.5.2.gemspec
I, [2014-01-24T11:05:55.283761 #31323]  INFO -- : 0:  rack-protection (1.5.0) from /Users/statwonk/.rvm/gems/ruby-2.0.0-p247/specifications/rack-protection-1.5.0.gemspec
I, [2014-01-24T11:05:55.283949 #31323]  INFO -- : 0:  rb-fsevent (0.9.1) from /Users/statwonk/.rvm/gems/ruby-2.0.0-p247/specifications/rb-fsevent-0.9.1.gemspec
I, [2014-01-24T11:05:55.284135 #31323]  INFO -- : 0:  rdiscount (2.0.7.3) from /Users/statwonk/.rvm/gems/ruby-2.0.0-p247/specifications/rdiscount-2.0.7.3.gemspec
I, [2014-01-24T11:05:55.284320 #31323]  INFO -- : 0:  rubypants (0.2.0) from /Users/statwonk/.rvm/gems/ruby-2.0.0-p247/specifications/rubypants-0.2.0.gemspec
I, [2014-01-24T11:05:55.284502 #31323]  INFO -- : 0:  sass-globbing (1.0.0) from /Users/statwonk/.rvm/gems/ruby-2.0.0-p247/specifications/sass-globbing-1.0.0.gemspec
I, [2014-01-24T11:05:55.284688 #31323]  INFO -- : 0:  tilt (1.3.7) from /Users/statwonk/.rvm/gems/ruby-2.0.0-p247/specifications/tilt-1.3.7.gemspec
I, [2014-01-24T11:05:55.284869 #31323]  INFO -- : 0:  sinatra (1.4.2) from /Users/statwonk/.rvm/gems/ruby-2.0.0-p247/specifications/sinatra-1.4.2.gemspec
I, [2014-01-24T11:05:55.285070 #31323]  INFO -- : 0:  stringex (1.4.0) from /Users/statwonk/.rvm/gems/ruby-2.0.0-p247/specifications/stringex-1.4.0.gemspec
I, [2014-01-24T11:05:55.285246 #31323]  INFO -- : 0:  bundler (1.5.1) from /Users/statwonk/.rvm/gems/ruby-2.0.0-p247@global/specifications/bundler-1.5.1.gemspec
